android/app/mapping.txt
# compiler: R8
# compiler_version: 8.1.56
# min_api: 21
# common_typos_disable
# {"id":"com.android.tools.r8.mapping","version":"2.2"}
# pg_map_id: eeaa4d1
# pg_map_hash: SHA-256 eeaa4d197a06d9aa43a42ca259f3b5763efb1aca65f796ec1d8a4206a050d4d0
...
androidx.core.provider.FontRequestWorker$1 -> androidx.core.provider.FontRequestWorker$1:
    1:1:androidx.core.provider.FontRequestWorker$TypefaceResult call():0:0 -> call
    2:2:java.lang.Object call():0:0 -> call
androidx.core.provider.FontRequestWorker$2 -> androidx.core.provider.FontRequestWorker$2:
    1:1:void accept(androidx.core.provider.FontRequestWorker$TypefaceResult):0:0 -> accept
    2:2:void accept(java.lang.Object):0:0 -> accept
androidx.core.provider.FontRequestWorker$3 -> androidx.core.provider.FontRequestWorker$3:
    1:1:androidx.core.provider.FontRequestWorker$TypefaceResult call():0:0 -> call
    2:2:java.lang.Object call():0:0 -> call
androidx.core.provider.FontRequestWorker$4 -> androidx.core.provider.FontRequestWorker$4:
    1:1:void accept(androidx.core.provider.FontRequestWorker$TypefaceResult):0:0 -> accept
    2:2:void accept(java.lang.Object):0:0 -> accept
androidx.core.provider.FontRequestWorker$TypefaceResult -> androidx.core.provider.FontRequestWorker$TypefaceResult:
    1:1:void <init>(int):0:0 -> <init>
    2:2:void <init>(android.graphics.Typeface):0:0 -> <init>
androidx.core.provider.FontsContractCompat -> androidx.core.provider.FontsContractCompat:
    1:1:android.graphics.Typeface requestFont(android.content.Context,androidx.core.provider.FontRequest,int,boolean,int,android.os.Handler,androidx.core.provider.FontsContractCompat$FontRequestCallback):0:0 -> requestFont
    2:2:void requestFont(android.content.Context,androidx.core.provider.FontRequest,androidx.core.provider.FontsContractCompat$FontRequestCallback,android.os.Handler):0:0 -> requestFont
androidx.core.service.quicksettings.PendingIntentActivityWrapper -> androidx.core.service.quicksettings.PendingIntentActivityWrapper:
    1:1:void <init>(android.content.Context,int,android.content.Intent,int,android.os.Bundle,boolean):0:0 -> <init>
    2:2:void <init>(android.content.Context,int,android.content.Intent,int,boolean):0:0 -> <init>
androidx.core.text.BidiFormatter -> androidx.core.text.BidiFormatter:
    1:1:androidx.core.text.BidiFormatter getInstance():0:0 -> getInstance
    2:2:androidx.core.text.BidiFormatter getInstance(java.util.Locale):0:0 -> getInstance
    3:3:androidx.core.text.BidiFormatter getInstance(boolean):0:0 -> getInstance
    1:1:boolean isRtl(java.lang.CharSequence):0:0 -> isRtl
    2:2:boolean isRtl(java.lang.String):0:0 -> isRtl
    1:1:java.lang.CharSequence unicodeWrap(java.lang.CharSequence):0:0 -> unicodeWrap
    2:2:java.lang.CharSequence unicodeWrap(java.lang.CharSequence,androidx.core.text.TextDirectionHeuristicCompat):0:0 -> unicodeWrap
    3:3:java.lang.CharSequence unicodeWrap(java.lang.CharSequence,androidx.core.text.TextDirectionHeuristicCompat,boolean):0:0 -> unicodeWrap
    4:4:java.lang.CharSequence unicodeWrap(java.lang.CharSequence,boolean):0:0 -> unicodeWrap
    5:5:java.lang.String unicodeWrap(java.lang.String):0:0 -> unicodeWrap
    6:6:java.lang.String unicodeWrap(java.lang.String,androidx.core.text.TextDirectionHeuristicCompat):0:0 -> unicodeWrap
    7:7:java.lang.String unicodeWrap(java.lang.String,androidx.core.text.TextDirectionHeuristicCompat,boolean):0:0 -> unicodeWrap
    8:8:java.lang.String unicodeWrap(java.lang.String,boolean):0:0 -> unicodeWrap
androidx.core.text.BidiFormatter$Builder -> androidx.core.text.BidiFormatter$Builder:
    1:1:void <init>():0:0 -> <init>
    2:2:void <init>(java.util.Locale):0:0 -> <init>
    3:3:void <init>(boolean):0:0 -> <init>
androidx.core.text.HtmlCompat -> androidx.core.text.HtmlCompat:
    1:1:android.text.Spanned fromHtml(java.lang.String,int):0:0 -> fromHtml
    2:2:android.text.Spanned fromHtml(java.lang.String,int,android.text.Html$ImageGetter,android.text.Html$TagHandler):0:0 -> fromHtml